<?xml version="1.0" encoding="UTF-8"?>
<testng-results skipped="0" failed="0" ignored="0" total="1" passed="1">
  <reporter-output>
  </reporter-output>
  <suite name="Default suite" duration-ms="29393" started-at="2020-02-23T05:37:41Z" finished-at="2020-02-23T05:38:10Z">
    <groups>
    </groups>
    <test name="Default test" duration-ms="29393" started-at="2020-02-23T05:37:41Z" finished-at="2020-02-23T05:38:10Z">
      <class name="com.facebook.LoginProj.FaceBookTest">
        <test-method status="PASS" signature="launchFB()[pri:0, instance:com.facebook.LoginProj.FaceBookTest@675d3402]" name="launchFB" duration-ms="29348" started-at="2020-02-23T05:37:41Z" finished-at="2020-02-23T05:38:10Z">
          <reporter-output>
          </reporter-output>
        </test-method> <!-- launchFB -->
      </class> <!-- com.facebook.LoginProj.FaceBookTest -->
    </test> <!-- Default test -->
  </suite> <!-- Default suite -->
</testng-results>
